WARN http-nio-8080-exec-4 org.hibernate.cfg.SettingsFactory - Could not obtain connection metadata
java.sql.SQLException: Cannot create JDBC driver of class '' for connect URL 'null'
	at org.apache.tomcat.dbcp.dbcp2.BasicDataSource.createConnectionFactory(BasicDataSource.java:2167)
	at org.apache.tomcat.dbcp.dbcp2.BasicDataSource.createDataSource(BasicDataSource.java:2037)
	at org.apache.tomcat.dbcp.dbcp2.BasicDataSource.getConnection(BasicDataSource.java:1543)
	at org.hibernate.connection.DatasourceConnectionProvider.getConnection(DatasourceConnectionProvider.java:69)
	at org.hibernate.cfg.SettingsFactory.buildSettings(SettingsFactory.java:84)
	at org.hibernate.cfg.Configuration.buildSettingsInternal(Configuration.java:2090)
	at org.hibernate.cfg.Configuration.buildSettings(Configuration.java:2086)
	at org.hibernate.cfg.Configuration.buildSessionFactory(Configuration.java:1311)
	at org.ciat.cgiar.DSH.hibernate.session.HibernateSessionFactory.<clinit>(HibernateSessionFactory.java:31)
	at org.ciat.cgiar.DSH.connections.LocalConnection.getConnection(LocalConnection.java:38)
	at org.ciat.cgiar.DSH.service.database.UserService.localUsrExists(UserService.java:242)
	at org.ciat.cgiar.DSH.core.DSHImpl.localUsrExists(DSHImpl.java:759)
	at org.ciat.cgiar.DSH.view.delegade.LoginDelegade.localUsrExists(LoginDelegade.java:35)
	at org.ciat.cgiar.DSH.view.bean.LoginBean.actionValidateUser(LoginBean.java:115)
	at org.ciat.cgiar.DSH.view.bean.LoginBean.validateEnter(LoginBean.java:200)
	at sun.reflect.NativeMethodAccessorImpl.invoke0(Native Method)
	at sun.reflect.NativeMethodAccessorImpl.invoke(Unknown Source)
	at sun.reflect.DelegatingMethodAccessorImpl.invoke(Unknown Source)
	at java.lang.reflect.Method.invoke(Unknown Source)
	at org.apache.el.parser.AstValue.invoke(AstValue.java:247)
	at org.apache.el.MethodExpressionImpl.invoke(MethodExpressionImpl.java:267)
	at com.sun.faces.facelets.el.TagMethodExpression.invoke(TagMethodExpression.java:105)
	at javax.faces.validator.MethodExpressionValidator.validate(MethodExpressionValidator.java:97)
	at javax.faces.component.UIInput.validateValue(UIInput.java:1149)
	at javax.faces.component.UIInput.validate(UIInput.java:967)
	at javax.faces.component.UIInput.executeValidate(UIInput.java:1233)
	at javax.faces.component.UIInput.processValidators(UIInput.java:698)
	at javax.faces.component.UIForm.processValidators(UIForm.java:253)
	at javax.faces.component.UIComponentBase.processValidators(UIComponentBase.java:1214)
	at javax.faces.component.UIComponentBase.processValidators(UIComponentBase.java:1214)
	at javax.faces.component.UIViewRoot.processValidators(UIViewRoot.java:1172)
	at com.sun.faces.lifecycle.ProcessValidationsPhase.execute(ProcessValidationsPhase.java:76)
	at com.sun.faces.lifecycle.Phase.doPhase(Phase.java:101)
	at com.sun.faces.lifecycle.LifecycleImpl.execute(LifecycleImpl.java:118)
	at javax.faces.webapp.FacesServlet.service(FacesServlet.java:593)
	at org.apache.catalina.core.ApplicationFilterChain.internalDoFilter(ApplicationFilterChain.java:231)
	at org.apache.catalina.core.ApplicationFilterChain.doFilter(ApplicationFilterChain.java:166)
	at org.apache.tomcat.websocket.server.WsFilter.doFilter(WsFilter.java:52)
	at org.apache.catalina.core.ApplicationFilterChain.internalDoFilter(ApplicationFilterChain.java:193)
	at org.apache.catalina.core.ApplicationFilterChain.doFilter(ApplicationFilterChain.java:166)
	at org.apache.catalina.core.StandardWrapperValve.invoke(StandardWrapperValve.java:198)
	at org.apache.catalina.core.StandardContextValve.invoke(StandardContextValve.java:96)
	at org.apache.catalina.authenticator.AuthenticatorBase.invoke(AuthenticatorBase.java:504)
	at org.apache.catalina.core.StandardHostValve.invoke(StandardHostValve.java:140)
	at org.apache.catalina.valves.ErrorReportValve.invoke(ErrorReportValve.java:81)
	at org.apache.catalina.valves.AbstractAccessLogValve.invoke(AbstractAccessLogValve.java:650)
	at org.apache.catalina.core.StandardEngineValve.invoke(StandardEngineValve.java:87)
	at org.apache.catalina.connector.CoyoteAdapter.service(CoyoteAdapter.java:342)
	at org.apache.coyote.http11.Http11Processor.service(Http11Processor.java:803)
	at org.apache.coyote.AbstractProcessorLight.process(AbstractProcessorLight.java:66)
	at org.apache.coyote.AbstractProtocol$ConnectionHandler.process(AbstractProtocol.java:790)
	at org.apache.tomcat.util.net.NioEndpoint$SocketProcessor.doRun(NioEndpoint.java:1459)
	at org.apache.tomcat.util.net.SocketProcessorBase.run(SocketProcessorBase.java:49)
	at java.util.concurrent.ThreadPoolExecutor.runWorker(Unknown Source)
	at java.util.concurrent.ThreadPoolExecutor$Worker.run(Unknown Source)
	at org.apache.tomcat.util.threads.TaskThread$WrappingRunnable.run(TaskThread.java:61)
	at java.lang.Thread.run(Unknown Source)
Caused by: java.lang.NullPointerException
	at sun.jdbc.odbc.JdbcOdbcDriver.getProtocol(Unknown Source)
	at sun.jdbc.odbc.JdbcOdbcDriver.knownURL(Unknown Source)
	at sun.jdbc.odbc.JdbcOdbcDriver.acceptsURL(Unknown Source)
	at java.sql.DriverManager.getDriver(Unknown Source)
	at org.apache.tomcat.dbcp.dbcp2.BasicDataSource.createConnectionFactory(BasicDataSource.java:2151)
	... 56 more
WARN http-nio-8080-exec-4 org.hibernate.util.JDBCExceptionReporter - SQL Error: 0, SQLState: null
ERROR http-nio-8080-exec-4 org.hibernate.util.JDBCExceptionReporter - Cannot create JDBC driver of class '' for connect URL 'null'
WARN http-nio-8080-exec-5 org.hibernate.util.JDBCExceptionReporter - SQL Error: 0, SQLState: null
ERROR http-nio-8080-exec-5 org.hibernate.util.JDBCExceptionReporter - Cannot create JDBC driver of class '' for connect URL 'null'
WARN http-nio-8080-exec-10 org.hibernate.cfg.SettingsFactory - Could not obtain connection metadata
java.sql.SQLException: Cannot create JDBC driver of class '' for connect URL 'null'
	at org.apache.tomcat.dbcp.dbcp2.BasicDataSource.createConnectionFactory(BasicDataSource.java:2167)
	at org.apache.tomcat.dbcp.dbcp2.BasicDataSource.createDataSource(BasicDataSource.java:2037)
	at org.apache.tomcat.dbcp.dbcp2.BasicDataSource.getConnection(BasicDataSource.java:1543)
	at org.hibernate.connection.DatasourceConnectionProvider.getConnection(DatasourceConnectionProvider.java:69)
	at org.hibernate.cfg.SettingsFactory.buildSettings(SettingsFactory.java:84)
	at org.hibernate.cfg.Configuration.buildSettingsInternal(Configuration.java:2090)
	at org.hibernate.cfg.Configuration.buildSettings(Configuration.java:2086)
	at org.hibernate.cfg.Configuration.buildSessionFactory(Configuration.java:1311)
	at org.ciat.cgiar.DSH.hibernate.session.HibernateSessionFactory.<clinit>(HibernateSessionFactory.java:31)
	at org.ciat.cgiar.DSH.connections.LocalConnection.getConnection(LocalConnection.java:38)
	at org.ciat.cgiar.DSH.service.database.UserService.getAppUserData(UserService.java:204)
	at org.ciat.cgiar.DSH.core.DSHImpl.validateUserData(DSHImpl.java:781)
	at org.ciat.cgiar.DSH.view.delegade.LoginDelegade.validateUserData(LoginDelegade.java:29)
	at org.ciat.cgiar.DSH.view.bean.LoginBean.actionValidateUser(LoginBean.java:99)
	at org.ciat.cgiar.DSH.view.bean.LoginBean.validateEnter(LoginBean.java:200)
	at sun.reflect.NativeMethodAccessorImpl.invoke0(Native Method)
	at sun.reflect.NativeMethodAccessorImpl.invoke(Unknown Source)
	at sun.reflect.DelegatingMethodAccessorImpl.invoke(Unknown Source)
	at java.lang.reflect.Method.invoke(Unknown Source)
	at org.apache.el.parser.AstValue.invoke(AstValue.java:247)
	at org.apache.el.MethodExpressionImpl.invoke(MethodExpressionImpl.java:267)
	at com.sun.faces.facelets.el.TagMethodExpression.invoke(TagMethodExpression.java:105)
	at javax.faces.validator.MethodExpressionValidator.validate(MethodExpressionValidator.java:97)
	at javax.faces.component.UIInput.validateValue(UIInput.java:1149)
	at javax.faces.component.UIInput.validate(UIInput.java:967)
	at javax.faces.component.UIInput.executeValidate(UIInput.java:1233)
	at javax.faces.component.UIInput.processValidators(UIInput.java:698)
	at javax.faces.component.UIForm.processValidators(UIForm.java:253)
	at javax.faces.component.UIComponentBase.processValidators(UIComponentBase.java:1214)
	at javax.faces.component.UIComponentBase.processValidators(UIComponentBase.java:1214)
	at javax.faces.component.UIViewRoot.processValidators(UIViewRoot.java:1172)
	at com.sun.faces.lifecycle.ProcessValidationsPhase.execute(ProcessValidationsPhase.java:76)
	at com.sun.faces.lifecycle.Phase.doPhase(Phase.java:101)
	at com.sun.faces.lifecycle.LifecycleImpl.execute(LifecycleImpl.java:118)
	at javax.faces.webapp.FacesServlet.service(FacesServlet.java:593)
	at org.apache.catalina.core.ApplicationFilterChain.internalDoFilter(ApplicationFilterChain.java:231)
	at org.apache.catalina.core.ApplicationFilterChain.doFilter(ApplicationFilterChain.java:166)
	at org.apache.tomcat.websocket.server.WsFilter.doFilter(WsFilter.java:52)
	at org.apache.catalina.core.ApplicationFilterChain.internalDoFilter(ApplicationFilterChain.java:193)
	at org.apache.catalina.core.ApplicationFilterChain.doFilter(ApplicationFilterChain.java:166)
	at org.apache.catalina.core.StandardWrapperValve.invoke(StandardWrapperValve.java:198)
	at org.apache.catalina.core.StandardContextValve.invoke(StandardContextValve.java:96)
	at org.apache.catalina.authenticator.AuthenticatorBase.invoke(AuthenticatorBase.java:504)
	at org.apache.catalina.core.StandardHostValve.invoke(StandardHostValve.java:140)
	at org.apache.catalina.valves.ErrorReportValve.invoke(ErrorReportValve.java:81)
	at org.apache.catalina.valves.AbstractAccessLogValve.invoke(AbstractAccessLogValve.java:650)
	at org.apache.catalina.core.StandardEngineValve.invoke(StandardEngineValve.java:87)
	at org.apache.catalina.connector.CoyoteAdapter.service(CoyoteAdapter.java:342)
	at org.apache.coyote.http11.Http11Processor.service(Http11Processor.java:803)
	at org.apache.coyote.AbstractProcessorLight.process(AbstractProcessorLight.java:66)
	at org.apache.coyote.AbstractProtocol$ConnectionHandler.process(AbstractProtocol.java:790)
	at org.apache.tomcat.util.net.NioEndpoint$SocketProcessor.doRun(NioEndpoint.java:1459)
	at org.apache.tomcat.util.net.SocketProcessorBase.run(SocketProcessorBase.java:49)
	at java.util.concurrent.ThreadPoolExecutor.runWorker(Unknown Source)
	at java.util.concurrent.ThreadPoolExecutor$Worker.run(Unknown Source)
	at org.apache.tomcat.util.threads.TaskThread$WrappingRunnable.run(TaskThread.java:61)
	at java.lang.Thread.run(Unknown Source)
Caused by: java.lang.NullPointerException
	at sun.jdbc.odbc.JdbcOdbcDriver.getProtocol(Unknown Source)
	at sun.jdbc.odbc.JdbcOdbcDriver.knownURL(Unknown Source)
	at sun.jdbc.odbc.JdbcOdbcDriver.acceptsURL(Unknown Source)
	at java.sql.DriverManager.getDriver(Unknown Source)
	at org.apache.tomcat.dbcp.dbcp2.BasicDataSource.createConnectionFactory(BasicDataSource.java:2151)
	... 56 more
WARN http-nio-8080-exec-10 org.hibernate.util.JDBCExceptionReporter - SQL Error: 0, SQLState: null
ERROR http-nio-8080-exec-10 org.hibernate.util.JDBCExceptionReporter - Cannot create JDBC driver of class '' for connect URL 'null'
